<?xml version="1.0" encoding="UTF-8"?>
<testng-results ignored="0" total="1" passed="1" failed="0" skipped="0">
  <reporter-output>
  </reporter-output>
  <suite started-at="2019-11-12T09:51:46Z" name="Default suite" finished-at="2019-11-12T09:52:33Z" duration-ms="47161">
    <groups>
    </groups>
    <test started-at="2019-11-12T09:51:46Z" name="Default test" finished-at="2019-11-12T09:52:33Z" duration-ms="47161">
      <class name="com.atmecs.heatclinic.testscripts.SelectProduct">
        <test-method is-config="true" signature="initializeBrowser()[pri:0, instance:com.atmecs.heatclinic.testscripts.SelectProduct@498d318c]" started-at="2019-11-12T09:51:46Z" name="initializeBrowser" finished-at="2019-11-12T09:51:50Z" duration-ms="4004" status="PASS">
          <reporter-output>
          </reporter-output>
        </test-method> <!-- initializeBrowser -->
        <test-method signature="testingHomePage(java.lang.String, java.lang.String)[pri:1, instance:com.atmecs.heatclinic.testscripts.SelectProduct@498d318c]" started-at="2019-11-12T09:51:51Z" name="testingHomePage" data-provider="inputValues" finished-at="2019-11-12T09:52:33Z" duration-ms="41566" status="PASS">
          <params>
            <param index="0">
              <value>
                <![CDATA[Anu]]>
              </value>
            </param>
            <param index="1">
              <value>
                <![CDATA[2]]>
              </value>
            </param>
          </params>
          <reporter-output>
          </reporter-output>
        </test-method> <!-- testingHomePage -->
        <test-method is-config="true" signature="closeBrowser()[pri:0, instance:com.atmecs.heatclinic.testscripts.SelectProduct@498d318c]" started-at="2019-11-12T09:52:33Z" name="closeBrowser" finished-at="2019-11-12T09:52:33Z" duration-ms="557" status="PASS">
          <reporter-output>
          </reporter-output>
        </test-method> <!-- closeBrowser -->
      </class> <!-- com.atmecs.heatclinic.testscripts.SelectProduct -->
    </test> <!-- Default test -->
  </suite> <!-- Default suite -->
</testng-results>
